<?xml version="1.0" encoding="UTF-8"?>
<!-- Generated by org.testng.reporters.JUnitReportReporter -->
<testsuite skipped="0" hostname="Amar" name="com.oswal.android.testscripts.TC_001" tests="1" failures="0" timestamp="29 Jan 2021 05:35:17 GMT" time="27.641" errors="0">
  <testcase name="tc_001" time="27.641" classname="com.oswal.android.testscripts.TC_001"/>
</testsuite> <!-- com.oswal.android.testscripts.TC_001 -->
