<?xml version="1.0" encoding="UTF-8"?>
<!-- Generated by org.testng.reporters.JUnitReportReporter -->
<testsuite skipped="0" hostname="Amar" name="com.oswal.android.testscripts.TC_001" tests="1" failures="0" timestamp="02 Feb 2021 08:10:00 GMT" time="32.511" errors="0">
  <testcase name="tc_001" time="32.511" classname="com.oswal.android.testscripts.TC_001"/>
</testsuite> <!-- com.oswal.android.testscripts.TC_001 -->
